You: [Sydicatz_.[XD]] buy NGR500 1500 point 
You: [aut109] buy NGR500 1500 point 
You: [km2015] buy Motorcross 1500 point 
You: [mikgy0.] buy NGR500 1500 point 
You: [KTZzz] buy NGR500 1500 point 
You: [8ZooumTVoZ8] buy NGR500 1500 point 
You: [ZzoumZz] buy NGR500 1500 point 
You: [TzeroGuarDean] buy Infernus 1500 point 
You: [Oreo_FX] buy NGR500 1500 point 
You: [KTZzzz] buy NGR500 1500 point 
You: [IU_Parellt6] buy NGR500 1500 point 
You: [NaiMeaw.] buy NGR500 1500 point 
You: [THE_E3.] buy NGR500 1500 point 
You: [[99]Dubble[z.] buy Infernus 1500 point 
You: [MR.TONG_RMUT] buy NGR500 1500 point 
You: [Mercenali0] buy NGR500 1500 point 
You: [asdf4] buy NGR500 1500 point 
You: [Doride.] buy Motorcross 1500 point 
You: [NapatVTen123] buy FCR900 1500 point 
You: [demmo] buy Boat 1500 point 
You: [NapatVTen1234] buy Motorcross 1500 point 
You: [18745] buy Infernus 1500 point 
You: [DFDFJIKO] buy PCJ600 1500 point 
You: [Artspook6] buy Bulletgt 1500 point 
You: [[SEE]BOTTHA[TE]] buy NGR500 1500 point 
You: [Oasis1990] buy NGR500 1500 point 
You: [NoungKiw] buy NGR500 1500 point 
You: [optimus_za] buy Infernus 1500 point 
You: [LolD] buy NGR500 1500 point 
You: [nat114] buy Infernus 1500 point 
You: [nat16498] buy Infernus 1500 point 
You: [ice456] buy NGR500 1500 point 
You: [mjd7999] buy NGR500 1500 point 
You: [tonzacubpom] buy Infernus 1500 point 
You: [longking] buy Phoenix 1500 point 
You: [longkuy] buy Sultan 1500 point 
You: [DJ_HNOMPEEP] buy NGR500 1500 point 
You: [BOSS....] buy Helicopter 2000 point 
You: [boss24999] buy NGR500 1500 point 
You: [Facebook..] buy Motorcross 1500 point 
You: [mark12211] buy NGR500 1500 point 
You: [Rune_Knight] buy NGR500 1500 point 
You: [poro_5r5r] buy NGR500 1500 point 
You: [nongnaiiisadddswsw] buy Bf400 1500 point 
You: [Sommix] buy NGR500 1500 point 
You: [nongnaiiisadddswq] buy Phoenix 1500 point 
You: [Nine_zIng] buy Infernus 1500 point 
You: [tonzar5] buy Infernus 1500 point 
You: [[GU]PRO] buy Infernus 1500 point 
You: [Non.Neverdie007] buy Infernus 1500 point 
You: [0612523994] buy NGR500 1500 point 
You: [wodt.fack..] buy FCR900 1500 point 
You: [dike852] buy Infernus 1500 point 
You: [[CSI].Marvel_.] buy Turismo 1500 point 
You: [[NBA]x[Mon]] buy NGR500 1500 point 
You: [N.[]SearSent.Team] buy NGR500 1500 point 
You: [Non.JungRai] buy SuperGt 1500 point 
You: [zx4415626xa] buy Infernus 1500 point 
You: [oil871] buy NGR500 1500 point 
You: [Aewwy] buy Infernus 1500 point 
You: [[FC]StyleLastza] buy Infernus 1500 point 
You: [Messenger....] buy NGR500 1500 point 
You: [SpriteWatthong] buy NGR500 1500 point 
You: [Blackhole] buy NGR500 1500 point 
You: [Soivz12] buy NGR500 1500 point 
You: [Lionz] buy NGR500 1500 point 
You: [ZOO11] buy Phoenix 1500 point 
You: [55889933] buy Sultan Elegy point 
You: [55889955] buy NGR500 1500 point 
You: [55889911] buy NGR500 1500 point 
You: [55889944] buy Infernus 1500 point 
You: [MM.M] buy NGR500 1500 point 
You: [55889900] buy Bf400 1500 point 
You: [fsdas] buy FCR900 1500 point 
You: [Drugged.] buy NGR500 1500 point 
You: [558899] buy NGR500 1500 point 
You: [558833] buy NGR500 1500 point 
You: [558833..] buy NGR500 1500 point 
You: [taer] buy Sultan Elegy point 
You: [kk.k] buy NGR500 1500 point 
You: [ka2013] buy NGR500 1500 point 
You: [aaa159] buy NGR500 1500 point 
You: [tutorthai1] buy tigerbike 1500 point 
You: [gfgg] buy FCR900 1500 point 
You: [DunDoge] buy Bf400 1500 point 
You: [@[CSI].Marvel_.] buy Infernus 1500 point 
You: [markkmmark] buy NGR500 1500 point 
You: [caster] buy Infernus 1500 point 
You: [Tad20] buy Infernus 1500 point 
You: [Dony.] buy NGR500 1500 point 
You: [Zombiev2.] buy tigerbike 1500 point 
You: [TK2018] buy NGR500 1500 point 
You: [nongnaiiisadddswqax] buy NGR500 1500 point 
You: [dgdhdbv] buy NGR500 1500 point 
You: [IRC2000] buy Infernus 1500 point 
You: [dickman] buy Atv 1500 point 
You: [DunHappy] buy Infernus 1500 point 
You: [boouy] buy NGR500 1500 point 
You: [NboHoPhM] buy Motorcross 1500 point 
You: [Oliver_Can] buy NGR500 1500 point 
You: [subker] buy NGR500 1500 point 
You: [dickman01] buy Infernus 1500 point 
You: [mixmix94] buy NGR500 1500 point 
You: [face0909] buy NGR500 1500 point 
You: [DunHappyy] buy Infernus 1500 point 
You: [FRIZER_] buy NGR500 1500 point 
You: [wodt.fack2] buy FCR900 1500 point 
You: [dick01] buy Infernus 1500 point 
You: [Deagle_[XD]] buy FCR900 1500 point 
You: [5588996611] buy NGR500 1500 point 
You: [ii.i] buy NGR500 1500 point 
You: [san2] buy FCR900 1500 point 
You: [5588996600] buy NGR500 1500 point 
You: [EVILTUD] buy NGR500 1500 point 
You: [jooa2015] buy NGR500 1500 point 
You: [Ioo2014] buy NGR500 1500 point 
You: [Moao_Remi] buy NGR500 1500 point 
You: [Ioo2015] buy NGR500 1500 point 
You: [kimlop] buy NGR500 1500 point 
You: [kim0157] buy NGR500 1500 point 
You: [nattha0123456] buy NGR500 1500 point 
You: [kimlop123] buy NGR500 1500 point 
You: [kimlop12345] buy NGR500 1500 point 
You: [Armthekill] buy NGR500 1500 point 
You: [MACKYFRIZE] buy NGR500 1500 point 
You: [man412] buy Infernus 1500 point 
You: [xWarathepz.] buy Infernus 1500 point 
You: [Moao_Remix] buy PCJ600 1500 point 
You: [brillene123] buy Motorcross 1500 point 
You: [vanilla07] buy FCR900 1500 point 
You: [[Sattahip]MBIG] buy NGR500 1500 point 
You: [wut2525] buy Motorcross 1500 point 
You: [tar_sattahip22] buy NGR500 1500 point 
You: [az098403105] buy Phoenix 1500 point 
You: [tay000] buy NGR500 1500 point 
You: [Boss_kung_TH] buy NGR500 1500 point 
You: [wwaasdas] buy NGR500 1500 point 
You: [3BBDaer.] buy NGR500 1500 point 
You: [Theeza567] buy NGR500 1500 point 
You: [ooppp] buy NGR500 1500 point 
You: [asdasd1515] buy NGR500 1500 point 
You: [Hidenori_Tabata] buy Sultan Elegy point 
You: [Tadakuni_Yuta] buy Sultan Elegy point 
You: [MAFAl_sWAG] buy NGR500 1500 point 
You: [DJ_HNOMPEEP1] buy Infernus 1500 point 
You: [poonlnw] buy Infernus 1500 point 
You: [420...] buy NGR500 1500 point 
You: [BASKINMOO.] buy Infernus 1500 point 
You: [zazas] buy Helicopter 2000 point 
You: [Mark93] buy Infernus 1500 point 
You: [[S[ArnierMeN[2499]] buy Infernus 1500 point 
You: [fggl] buy Atv 1500 point 
You: [BentoSquid] buy NGR500 1500 point 
You: [kingkun002] buy NGR500 1500 point 
You: [ko2015] buy NGR500 1500 point 
You: [km1150] buy NGR500 1500 point 
You: [koo2015] buy NGR500 1500 point 
You: [loveyues123] buy Infernus 1500 point 
You: [Nut__Phangtru] buy NGR500 1500 point 
You: [4587] buy tigerbike 1500 point 
You: [0610348610] buy NGR500 1500 point 
You: [bon062] buy NGR500 1500 point 
You: [bon061] buy Infernus 1500 point 
You: [Paizy2546] buy NGR500 1500 point 
You: [dome123] buy Infernus 1500 point 
You: [bir061] buy NGR500 1500 point 
You: [1155155] buy NGR500 1500 point 
You: [0642632546za] buy NGR500 1500 point 
You: [[comou]] buy NGR500 1500 point 
You: [Amgod7410] buy NGR500 1500 point 
You: [[Mee]] buy NGR500 1500 point 
You: [az0984031006] buy FCR900 1500 point 
You: [kasakmi123] buy NGR500 1500 point 
You: [081835] buy NGR500 1500 point 
You: [basby] buy NGR500 1500 point 
You: [ZOOZ13] buy NGR500 1500 point 
You: [poiuy0123456a] buy NGR500 1500 point 
You: [poiuy0123456asd] buy NGR500 1500 point 
You: [AOMNAHEE.] buy NGR500 1500 point 
You: [god7410] buy FCR900 1500 point 
You: [nonmanba] buy NGR500 1500 point 
You: [ZOOZ133] buy NGR500 1500 point 
You: [PHONGNAPHAT] buy NGR500 1500 point 
You: [zx084089521] buy NGR500 1500 point 
You: [JimmyPink] buy NGR500 1500 point 
You: [pornasd73] buy NGR500 1500 point 
You: [ggton] buy NGR500 1500 point 
You: [[Fuck_You]] buy NGR500 1500 point 
You: [nakas_pun] buy FCR900 1500 point 
You: [Burn.oops] buy Infernus 1500 point 
You: [OamRock_123HD] buy Bf400 1500 point 
You: [OamRock123_456] buy Infernus 1500 point 
You: [teeraphatzaza1590] buy NGR500 1500 point 
You: [BESOCACHA49] buy NGR500 1500 point 
You: [zx49994] buy NGR500 1500 point 
You: [BESOCACHA] buy Infernus 1500 point 
You: [ome.9008] buy Infernus 1500 point 
You: [zx194546] buy Infernus 1500 point 
You: [012344] buy Infernus 1500 point 
You: [nut081] buy Turismo 1500 point 
You: [nan087] buy PCJ600 1500 point 
You: [dike58] buy Atv 1500 point 
You: [not456] buy Sultan 1500 point 
You: [dike5] buy Chopper 1500 point 
You: [ice456123] buy Infernus 1500 point 
You: [dike8] buy tigerbike 1500 point 
You: [ban22] buy SuperGt 1500 point 
You: [dike32] buy Phoenix 1500 point 
You: [mam555] buy Sultan Elegy point 
You: [ice456123789] buy Infernus 1500 point 
You: [mam258] buy Phoenix 1500 point 
You: [dike85] buy Infernus 1500 point 
You: [E_Dek_Pok] buy NGR500 1500 point 
You: [HEE_Yai.] buy NGR500 1500 point 
You: [Happyend] buy NGR500 1500 point 
You: [lkjhgfdsa49110] buy NGR500 1500 point 
You: [Kittanon_Rraky15] buy PCJ600 1500 point 
You: [Daer_77] buy NGR500 1500 point 
You: [SevenFord] buy NGR500 1500 point 
You: [wodt.fack3] buy NGR500 1500 point 
You: [wodt.fack5] buy FCR900 1500 point 
You: [wodt.fack6] buy PCJ600 1500 point 
You: [zx494456108041564] buy Turismo 1500 point 
You: [bugbunny..] buy Infernus 1500 point 
You: [z084089521] buy NGR500 1500 point 
You: [xxxxx1150] buy NGR500 1500 point 
You: [guly256] buy NGR500 1500 point 
You: [Sarawoot] buy NGR500 1500 point 
You: [hotmasdasdasd] buy NGR500 1500 point 
You: [Kuysad] buy Sultan Elegy point 
You: [az098403106] buy FCR900 1500 point 
You: [WWWwwafg] buy NGR500 1500 point 
You: [11552211555] buy NGR500 1500 point 
You: [RedHood.] buy Infernus 1500 point 
You: [[zxasqw]] buy NGR500 1500 point 
You: [[comhin]] buy NGR500 1500 point 
You: [12asdaxssd] buy NGR500 1500 point 
You: [wis547] buy NGR500 1500 point 
You: [BOSSzazaza505] buy Motorcross 1500 point 
You: [[zxasqw]112] buy NGR500 1500 point 
You: [maxplaza6675] buy NGR500 1500 point 
You: [Lucifers.] buy Infernus 1500 point 
You: [[YT]Jame_PssTv] buy NGR500 1500 point 
You: [Monton] buy NGR500 1500 point 
You: [JameZaThailand] buy Infernus 1500 point 
You: [[RO]ca_DOv] buy NGR500 1500 point 
You: [[XX].Non.JungRai] buy Bulletgt 1500 point 
You: [NON_JUNGRAI.[JR]] buy Sultan Elegy point 
You: [fam1245] buy PCJ600 1500 point 
You: [nuo112] buy NGR500 1500 point 
You: [ioo2017] buy NGR500 1500 point 
You: [ka2019] buy NGR500 1500 point 
You: [not081] buy Infernus 1500 point 
You: [1147z] buy Infernus 1500 point 
You: [wave200] buy Infernus 1500 point 
You: [poiuy012345asd] buy NGR500 1500 point 
You: [OPEN1123] buy NGR500 1500 point 
You: [John_Howdy] buy NGR500 1500 point 
You: [VspecII] buy Sultan Elegy point 
You: [PandaTh] buy NGR500 1500 point 
You: [[comxxx]] buy NGR500 1500 point 
You: [zxc14456] buy NGR500 1500 point 
You: [KOKONA] buy Infernus 1500 point 
You: [adijack] buy Infernus 1500 point 
You: [NON.JUNGRAI.[JR]] buy Sultan Elegy point 
You: [yessabuS.] buy NGR500 1500 point 
You: [DerElikuLa] buy NGR500 1500 point 
You: [[comxo]] buy NGR500 1500 point 
You: [zx4945612] buy NGR500 1500 point 
You: [humadam] buy NGR500 1500 point 
You: [adam555555] buy Infernus 1500 point 
You: [[DM]] buy NGR500 1500 point 
You: [kimropi] buy NGR500 1500 point 
You: [fourz] buy NGR500 1500 point 
You: [fourr] buy NGR500 1500 point 
You: [bkg061] buy Infernus 1500 point 
You: [Pangpon01] buy NGR500 1500 point 
You: [IRC20000] buy Infernus 1500 point 
You: [1147a] buy NGR500 1500 point 
You: [initialp] buy Sultan Elegy point 
You: [ISUD_KUAY] buy NGR500 1500 point 
You: [zxc144567] buy NGR500 1500 point 
You: [Midoriya] buy Sultan Elegy point 
You: [zxc1234567] buy NGR500 1500 point 
You: [kfc1150aa] buy NGR500 1500 point 
You: []$DEAGLE.SAMP$[] buy NGR500 1500 point 
You: [[comox]] buy NGR500 1500 point 
You: [[Shall]] buy NGR500 1500 point 
You: [[BEW]] buy NGR500 1500 point 
You: [cacas] buy NGR500 1500 point 
You: [KNN_OU1] buy NGR500 1500 point 
You: [bandid5] buy Motorcross 1500 point 
You: [ZX494546489484895] buy Infernus 1500 point 
You: [KooNHacKeR] buy Infernus 1500 point 
You: [GM..K] buy NGR500 1500 point 
You: [cv49949dw] buy NGR500 1500 point 
You: [KooNHacKeRR] buy NGR500 1500 point 
You: [NunaV.1] buy NGR500 1500 point 
You: [RaKizaza1] buy FCR900 1500 point 
You: [asd3] buy NGR500 1500 point 
You: [Trisss] buy NGR500 1500 point 
You: [fourzaq] buy NGR500 1500 point 
You: [kuyrai[a].] buy Infernus 1500 point 
You: [ISUD_KUAY5] buy NGR500 1500 point 
You: [NON_JUNGRAI_Kill] buy NGR500 1500 point 
You: [_.DeagLe._.PeE._] buy NGR500 1500 point 
You: [bat0123] buy Infernus 1500 point 
You: [MHR_YaNoii] buy NGR500 1500 point 
You: [laladjf] buy Sultan 1500 point 
You: [joda123] buy Infernus 1500 point 
You: [MarkToyGamer] buy Infernus 1500 point 
You: [MSX500G7] buy Infernus 1500 point 
You: [Sarawoot1] buy NGR500 1500 point 
You: [basby22] buy NGR500 1500 point 
You: [oo55m5] buy NGR500 1500 point 
You: [teeraphatzaza1595] buy PCJ600 1500 point 
You: [[picnik]] buy NGR500 1500 point 
You: [Epicpb123] buy Motorcross 1500 point 
You: [[PD4]SPERM_] buy Infernus 1500 point 
You: [_.DeagLe._.PeE._[JT]] buy tigerbike 1500 point 
You: [[Pureza] buy tigerbike 1500 point 
You: [EDzeraft] buy Helicopter 2000 point 
You: [xxxxx1105] buy NGR500 1500 point 
You: [ohmiij9zxzx] buy FCR900 1500 point 
You: [lnwZapornXXX] buy tigerbike 1500 point 
You: [[D]GLE5] buy Turismo 1500 point 
You: [tuan11111] buy NGR500 1500 point 
You: [@Hydrogen] buy Epop 1500 point 
